{
  "RSpec": {
    "coverage": {
      "/Users/itami.hiroto/src/github.com/HiroVodka/octocov_github_actions/spec/model/tweet_spec.rb": {
        "lines": [
          1,
          null,
          1,
          1,
          1,
          1,
          1,
          null,
          null,
          1,
          1,
          1,
          null,
          null,
          null
        ],
        "branches": {
        }
      },
      "/Users/itami.hiroto/src/github.com/HiroVodka/octocov_github_actions/spec/rails_helper.rb": {
        "lines": [
          null,
          1,
          1,
          1,
          null,
          1,
          1,
          null,
          null,
          null,
          null,
          null,
          null,
          null,
          null,
          null,
          null,
          null,
          null,
          null,
          null,
          null,
          null,
          null,
          null,
          null,
          null,
          1,
          null,
          0,
          null,
          1,
          null,
          1,
          null,
          null,
          null,
          null,
          1,
          null,
          null,
          null,
          null,
          null,
          null,
          null,
          null,
          null,
          null,
          null,
          null,
          null,
          null,
          null,
          null,
          null,
          1,
          null,
          null,
          1,
          null,
          null,
          null
        ],
        "branches": {
          "[:if, 0, 6, 0, 6, 86]": {
            "[:then, 1, 6, 0, 6, 61]": 0,
            "[:else, 2, 6, 0, 6, 86]": 1
          }
        }
      },
      "/Users/itami.hiroto/src/github.com/HiroVodka/octocov_github_actions/config/environment.rb": {
        "lines": [
          null,
          1,
          null,
          null,
          1
        ],
        "branches": {
        }
      },
      "/Users/itami.hiroto/src/github.com/HiroVodka/octocov_github_actions/config/application.rb": {
        "lines": [
          1,
          null,
          1,
          null,
          1,
          1,
          1,
          1,
          1,
          1,
          1,
          1,
          1,
          1,
          null,
          null,
          null,
          null,
          1,
          null,
          1,
          1,
          null,
          1,
          null,
          null,
          null,
          null,
          null,
          null,
          null,
          null,
          null,
          null,
          1,
          null,
          null
        ],
        "branches": {
        }
      },
      "/Users/itami.hiroto/src/github.com/HiroVodka/octocov_github_actions/config/boot.rb": {
        "lines": [
          1,
          null,
          1,
          1
        ],
        "branches": {
        }
      },
      "/Users/itami.hiroto/src/github.com/HiroVodka/octocov_github_actions/config/environments/test.rb": {
        "lines": [
          1,
          null,
          null,
          null,
          null,
          null,
          null,
          1,
          null,
          null,
          null,
          1,
          null,
          null,
          null,
          null,
          1,
          null,
          null,
          1,
          1,
          null,
          null,
          null,
          null,
          1,
          1,
          1,
          null,
          null,
          1,
          null,
          null,
          1,
          null,
          null,
          1,
          null,
          1,
          null,
          null,
          null,
          null,
          1,
          null,
          null,
          1,
          null,
          null,
          1,
          null,
          null,
          1,
          null,
          null,
          null,
          null,
          null,
          null,
          null
        ],
        "branches": {
        }
      },
      "/Users/itami.hiroto/src/github.com/HiroVodka/octocov_github_actions/config/initializers/assets.rb": {
        "lines": [
          null,
          null,
          null,
          1,
          null,
          null,
          null,
          null,
          null,
          null,
          null,
          null
        ],
        "branches": {
        }
      },
      "/Users/itami.hiroto/src/github.com/HiroVodka/octocov_github_actions/config/initializers/content_security_policy.rb": {
        "lines": [
          null,
          null,
          null,
          null,
          null,
          null,
          null,
          null,
          null,
          null,
          null,
          null,
          null,
          null,
          null,
          null,
          null,
          null,
          null,
          null,
          null,
          null,
          null,
          null,
          null
        ],
        "branches": {
        }
      },
      "/Users/itami.hiroto/src/github.com/HiroVodka/octocov_github_actions/config/initializers/filter_parameter_logging.rb": {
        "lines": [
          null,
          null,
          null,
          null,
          null,
          1,
          null,
          null
        ],
        "branches": {
        }
      },
      "/Users/itami.hiroto/src/github.com/HiroVodka/octocov_github_actions/config/initializers/inflections.rb": {
        "lines": [
          null,
          null,
          null,
          null,
          null,
          null,
          null,
          null,
          null,
          null,
          null,
          null,
          null,
          null,
          null,
          null
        ],
        "branches": {
        }
      },
      "/Users/itami.hiroto/src/github.com/HiroVodka/octocov_github_actions/config/initializers/permissions_policy.rb": {
        "lines": [
          null,
          null,
          null,
          null,
          null,
          null,
          null,
          null,
          null,
          null,
          null
        ],
        "branches": {
        }
      },
      "/Users/itami.hiroto/src/github.com/HiroVodka/octocov_github_actions/config/routes.rb": {
        "lines": [
          1,
          1,
          null,
          null,
          null,
          null,
          null
        ],
        "branches": {
        }
      },
      "/Users/itami.hiroto/src/github.com/HiroVodka/octocov_github_actions/app/helpers/application_helper.rb": {
        "lines": [
          1,
          null
        ],
        "branches": {
        }
      },
      "/Users/itami.hiroto/src/github.com/HiroVodka/octocov_github_actions/app/helpers/tweets_helper.rb": {
        "lines": [
          1,
          null
        ],
        "branches": {
        }
      },
      "/Users/itami.hiroto/src/github.com/HiroVodka/octocov_github_actions/app/models/tweet.rb": {
        "lines": [
          1,
          1,
          null
        ],
        "branches": {
        }
      },
      "/Users/itami.hiroto/src/github.com/HiroVodka/octocov_github_actions/app/models/application_record.rb": {
        "lines": [
          1,
          1,
          null
        ],
        "branches": {
        }
      }
    },
    "timestamp": 1671873224
  }
}
